<?xml version="1.0" encoding="UTF-8"?>
<!-- Generated by org.testng.reporters.JUnitXMLReporter -->
<testsuite hostname="Admin-PC" ignored="0" name="Default test" tests="2" failures="0" timestamp="19 Sep 2019 12:31:06 GMT" time="12.021" errors="0">
  <testcase name="editDepartmentTestCase" time="0.118" classname="com.tamplo.ityss.departmentpagetestcases.RemoveUserFromDepartmentTest"/>
  <testcase name="removeUserFromDprtTest" time="0.635" classname="com.tamplo.ityss.departmentpagetestcases.RemoveUserFromDepartmentTest"/>
</testsuite> <!-- Default test -->
