<?xml version="1.0" encoding="UTF-8"?>
<!-- Generated by org.testng.reporters.JUnitXMLReporter -->
<testsuite hostname="Admin-PC" ignored="0" name="Default test" tests="2" failures="0" timestamp="03 Oct 2019 12:31:42 GMT" time="22.592" errors="0">
  <testcase name="editDepartmentTestCase" time="0.142" classname="com.tamplo.ityss.departmentpagetestcases.AddUserIntoDepartmentTest"/>
  <testcase name="addUserIntoDprtTest" time="1.652" classname="com.tamplo.ityss.departmentpagetestcases.AddUserIntoDepartmentTest"/>
</testsuite> <!-- Default test -->
